{"/converter/custom_modules/easy-office-converter/index.js":{"path":"/converter/custom_modules/easy-office-converter/index.js","s":{"1":1,"2":1,"3":1,"4":1,"5":1,"6":1,"7":1,"8":29,"9":29,"10":29,"11":29,"12":1,"13":28,"14":1,"15":27,"16":27,"17":27,"18":27,"19":27,"20":27,"21":27,"22":1,"23":27,"24":25,"25":27,"26":26,"27":27,"28":52,"29":27,"30":8,"31":27,"32":1,"33":26,"34":26,"35":8,"36":26,"37":26,"38":1,"39":26,"40":26,"41":26,"42":2,"43":24,"44":1,"45":24,"46":24,"47":0,"48":24,"49":1,"50":24,"51":24,"52":0,"53":24,"54":26,"55":26,"56":2,"57":24,"58":27,"59":38,"60":38,"61":14,"62":24,"63":27,"64":100,"65":27,"66":24,"67":12,"68":12,"69":12,"70":12,"71":12,"72":27,"73":27,"74":27,"75":27,"76":1},"b":{"1":[29,2],"2":[1,28],"3":[1,27],"4":[8,18],"5":[2,24],"6":[0,24],"7":[0,24],"8":[2,24],"9":[14,24],"10":[12,12]},"f":{"1":29,"2":1,"3":25,"4":26,"5":52,"6":8,"7":26,"8":26,"9":26,"10":26,"11":24,"12":24,"13":38,"14":100,"15":24,"16":27},"fnMap":{"1":{"name":"officeConverter","line":8,"loc":{"start":{"line":8,"column":0},"end":{"line":8,"column":45}}},"2":{"name":"(anonymous_2)","line":25,"loc":{"start":{"line":25,"column":24},"end":{"line":25,"column":44}}},"3":{"name":"(anonymous_3)","line":29,"loc":{"start":{"line":29,"column":25},"end":{"line":29,"column":45}}},"4":{"name":"(anonymous_4)","line":34,"loc":{"start":{"line":34,"column":30},"end":{"line":34,"column":50}}},"5":{"name":"(anonymous_5)","line":39,"loc":{"start":{"line":39,"column":19},"end":{"line":39,"column":49}}},"6":{"name":"(anonymous_6)","line":43,"loc":{"start":{"line":43,"column":36},"end":{"line":43,"column":48}}},"7":{"name":"(anonymous_7)","line":47,"loc":{"start":{"line":47,"column":16},"end":{"line":47,"column":36}}},"8":{"name":"finalOutputFileExists","line":48,"loc":{"start":{"line":48,"column":2},"end":{"line":48,"column":38}}},"9":{"name":"(anonymous_9)","line":49,"loc":{"start":{"line":49,"column":18},"end":{"line":49,"column":33}}},"10":{"name":"convertProcess","line":58,"loc":{"start":{"line":58,"column":2},"end":{"line":58,"column":31}}},"11":{"name":"outputFileExists","line":68,"loc":{"start":{"line":68,"column":2},"end":{"line":68,"column":33}}},"12":{"name":"moveFile","line":76,"loc":{"start":{"line":76,"column":2},"end":{"line":76,"column":25}}},"13":{"name":"(anonymous_13)","line":96,"loc":{"start":{"line":96,"column":31},"end":{"line":96,"column":43}}},"14":{"name":"(anonymous_14)","line":103,"loc":{"start":{"line":103,"column":26},"end":{"line":103,"column":38}}},"15":{"name":"(anonymous_15)","line":107,"loc":{"start":{"line":107,"column":25},"end":{"line":107,"column":45}}},"16":{"name":"(anonymous_16)","line":118,"loc":{"start":{"line":118,"column":26},"end":{"line":118,"column":38}}}},"statementMap":{"1":{"start":{"line":1,"column":0},"end":{"line":1,"column":30}},"2":{"start":{"line":2,"column":0},"end":{"line":2,"column":28}},"3":{"start":{"line":3,"column":0},"end":{"line":3,"column":40}},"4":{"start":{"line":4,"column":0},"end":{"line":4,"column":26}},"5":{"start":{"line":5,"column":0},"end":{"line":5,"column":26}},"6":{"start":{"line":6,"column":0},"end":{"line":6,"column":22}},"7":{"start":{"line":8,"column":0},"end":{"line":124,"column":1}},"8":{"start":{"line":9,"column":1},"end":{"line":9,"column":10}},"9":{"start":{"line":10,"column":1},"end":{"line":10,"column":29}},"10":{"start":{"line":11,"column":1},"end":{"line":11,"column":25}},"11":{"start":{"line":13,"column":1},"end":{"line":13,"column":63}},"12":{"start":{"line":13,"column":24},"end":{"line":13,"column":63}},"13":{"start":{"line":14,"column":1},"end":{"line":14,"column":86}},"14":{"start":{"line":14,"column":36},"end":{"line":14,"column":86}},"15":{"start":{"line":16,"column":1},"end":{"line":16,"column":44}},"16":{"start":{"line":17,"column":1},"end":{"line":17,"column":65}},"17":{"start":{"line":18,"column":1},"end":{"line":18,"column":48}},"18":{"start":{"line":19,"column":1},"end":{"line":19,"column":43}},"19":{"start":{"line":21,"column":1},"end":{"line":21,"column":41}},"20":{"start":{"line":23,"column":1},"end":{"line":23,"column":95}},"21":{"start":{"line":25,"column":1},"end":{"line":27,"column":2}},"22":{"start":{"line":26,"column":2},"end":{"line":26,"column":42}},"23":{"start":{"line":29,"column":1},"end":{"line":31,"column":2}},"24":{"start":{"line":30,"column":2},"end":{"line":30,"column":53}},"25":{"start":{"line":34,"column":1},"end":{"line":36,"column":2}},"26":{"start":{"line":35,"column":2},"end":{"line":35,"column":58}},"27":{"start":{"line":39,"column":1},"end":{"line":41,"column":2}},"28":{"start":{"line":40,"column":2},"end":{"line":40,"column":40}},"29":{"start":{"line":43,"column":1},"end":{"line":45,"column":2}},"30":{"start":{"line":44,"column":2},"end":{"line":44,"column":53}},"31":{"start":{"line":47,"column":1},"end":{"line":94,"column":2}},"32":{"start":{"line":48,"column":2},"end":{"line":56,"column":3}},"33":{"start":{"line":49,"column":3},"end":{"line":53,"column":4}},"34":{"start":{"line":50,"column":4},"end":{"line":50,"column":50}},"35":{"start":{"line":50,"column":16},"end":{"line":50,"column":50}},"36":{"start":{"line":52,"column":4},"end":{"line":52,"column":8}},"37":{"start":{"line":55,"column":3},"end":{"line":55,"column":39}},"38":{"start":{"line":58,"column":2},"end":{"line":66,"column":3}},"39":{"start":{"line":59,"column":3},"end":{"line":59,"column":48}},"40":{"start":{"line":61,"column":3},"end":{"line":65,"column":5}},"41":{"start":{"line":62,"column":4},"end":{"line":62,"column":27}},"42":{"start":{"line":62,"column":13},"end":{"line":62,"column":27}},"43":{"start":{"line":64,"column":4},"end":{"line":64,"column":8}},"44":{"start":{"line":68,"column":2},"end":{"line":74,"column":3}},"45":{"start":{"line":69,"column":3},"end":{"line":73,"column":5}},"46":{"start":{"line":70,"column":4},"end":{"line":70,"column":27}},"47":{"start":{"line":70,"column":13},"end":{"line":70,"column":27}},"48":{"start":{"line":72,"column":4},"end":{"line":72,"column":8}},"49":{"start":{"line":76,"column":2},"end":{"line":82,"column":3}},"50":{"start":{"line":77,"column":3},"end":{"line":81,"column":5}},"51":{"start":{"line":78,"column":4},"end":{"line":78,"column":27}},"52":{"start":{"line":78,"column":13},"end":{"line":78,"column":27}},"53":{"start":{"line":80,"column":4},"end":{"line":80,"column":8}},"54":{"start":{"line":84,"column":2},"end":{"line":93,"column":4}},"55":{"start":{"line":90,"column":3},"end":{"line":90,"column":32}},"56":{"start":{"line":90,"column":12},"end":{"line":90,"column":32}},"57":{"start":{"line":92,"column":3},"end":{"line":92,"column":43}},"58":{"start":{"line":96,"column":1},"end":{"line":101,"column":2}},"59":{"start":{"line":97,"column":2},"end":{"line":97,"column":40}},"60":{"start":{"line":98,"column":2},"end":{"line":98,"column":48}},"61":{"start":{"line":98,"column":34},"end":{"line":98,"column":48}},"62":{"start":{"line":100,"column":2},"end":{"line":100,"column":86}},"63":{"start":{"line":103,"column":1},"end":{"line":105,"column":2}},"64":{"start":{"line":104,"column":2},"end":{"line":104,"column":28}},"65":{"start":{"line":107,"column":1},"end":{"line":116,"column":2}},"66":{"start":{"line":108,"column":2},"end":{"line":108,"column":51}},"67":{"start":{"line":108,"column":34},"end":{"line":108,"column":51}},"68":{"start":{"line":110,"column":2},"end":{"line":110,"column":40}},"69":{"start":{"line":111,"column":2},"end":{"line":111,"column":45}},"70":{"start":{"line":113,"column":2},"end":{"line":113,"column":31}},"71":{"start":{"line":115,"column":2},"end":{"line":115,"column":39}},"72":{"start":{"line":118,"column":1},"end":{"line":121,"column":2}},"73":{"start":{"line":119,"column":2},"end":{"line":119,"column":34}},"74":{"start":{"line":120,"column":2},"end":{"line":120,"column":71}},"75":{"start":{"line":123,"column":1},"end":{"line":123,"column":12}},"76":{"start":{"line":126,"column":0},"end":{"line":126,"column":32}}},"branchMap":{"1":{"line":10,"type":"binary-expr","locations":[{"start":{"line":10,"column":16},"end":{"line":10,"column":23}},{"start":{"line":10,"column":27},"end":{"line":10,"column":29}}]},"2":{"line":13,"type":"if","locations":[{"start":{"line":13,"column":1},"end":{"line":13,"column":1}},{"start":{"line":13,"column":1},"end":{"line":13,"column":1}}]},"3":{"line":14,"type":"if","locations":[{"start":{"line":14,"column":1},"end":{"line":14,"column":1}},{"start":{"line":14,"column":1},"end":{"line":14,"column":1}}]},"4":{"line":50,"type":"if","locations":[{"start":{"line":50,"column":4},"end":{"line":50,"column":4}},{"start":{"line":50,"column":4},"end":{"line":50,"column":4}}]},"5":{"line":62,"type":"if","locations":[{"start":{"line":62,"column":4},"end":{"line":62,"column":4}},{"start":{"line":62,"column":4},"end":{"line":62,"column":4}}]},"6":{"line":70,"type":"if","locations":[{"start":{"line":70,"column":4},"end":{"line":70,"column":4}},{"start":{"line":70,"column":4},"end":{"line":70,"column":4}}]},"7":{"line":78,"type":"if","locations":[{"start":{"line":78,"column":4},"end":{"line":78,"column":4}},{"start":{"line":78,"column":4},"end":{"line":78,"column":4}}]},"8":{"line":90,"type":"if","locations":[{"start":{"line":90,"column":3},"end":{"line":90,"column":3}},{"start":{"line":90,"column":3},"end":{"line":90,"column":3}}]},"9":{"line":98,"type":"if","locations":[{"start":{"line":98,"column":2},"end":{"line":98,"column":2}},{"start":{"line":98,"column":2},"end":{"line":98,"column":2}}]},"10":{"line":108,"type":"if","locations":[{"start":{"line":108,"column":2},"end":{"line":108,"column":2}},{"start":{"line":108,"column":2},"end":{"line":108,"column":2}}]}}}}