{"/converter/custom_modules/easy-office-converter/index.js":{"path":"/converter/custom_modules/easy-office-converter/index.js","s":{"1":1,"2":1,"3":1,"4":1,"5":1,"6":1,"7":1,"8":25,"9":1,"10":21,"11":21,"12":21,"13":0,"14":21,"15":21,"16":21,"17":1,"18":5,"19":5,"20":5,"21":5,"22":5,"23":5,"24":5,"25":5,"26":5,"27":18,"28":5,"29":7,"30":5,"31":25,"32":25,"33":5,"34":14,"35":5,"36":7,"37":5,"38":4,"39":4,"40":4,"41":0,"42":4,"43":4,"44":4,"45":4,"46":4,"47":5,"48":7,"49":7,"50":1,"51":7,"52":7,"53":0,"54":7,"55":5,"56":7,"57":1,"58":7,"59":7,"60":0,"61":7,"62":3,"63":7,"64":1,"65":7,"66":3,"67":1,"68":4,"69":0,"70":4,"71":0,"72":4,"73":0,"74":4,"75":4,"76":4,"77":4,"78":0,"79":4,"80":1,"81":4,"82":2,"83":2,"84":2,"85":4,"86":4,"87":7,"88":7,"89":3,"90":4,"91":5,"92":4,"93":1,"94":1,"95":4,"96":0,"97":4,"98":4,"99":4,"100":1,"101":4,"102":4,"103":4,"104":6,"105":6,"106":6,"107":6,"108":4,"109":6,"110":2,"111":4,"112":4,"113":0,"114":4,"115":4,"116":2,"117":4,"118":1,"119":4,"120":4,"121":4,"122":4,"123":1,"124":0,"125":0,"126":0,"127":0,"128":0,"129":0,"130":0,"131":0,"132":0,"133":4,"134":4,"135":5,"136":1,"137":13,"138":13,"139":13,"140":13,"141":13,"142":1,"143":12,"144":12,"145":12,"146":12,"147":12,"148":1,"149":12,"150":25,"151":12,"152":26,"153":12,"154":52,"155":12,"156":8,"157":12,"158":27,"159":27,"160":12,"161":27,"162":27,"163":1,"164":1,"165":26,"166":26,"167":8,"168":26,"169":26,"170":1,"171":26,"172":26,"173":26,"174":2,"175":24,"176":1,"177":24,"178":24,"179":0,"180":24,"181":1,"182":24,"183":24,"184":0,"185":24,"186":26,"187":26,"188":2,"189":24,"190":12,"191":62,"192":62,"193":26,"194":36,"195":12,"196":123,"197":123,"198":12,"199":24,"200":12,"201":12,"202":12,"203":12,"204":12,"205":12,"206":50,"207":50,"208":12,"209":1},"b":{"1":[0,21],"2":[21,21],"3":[5,5],"4":[5,5],"5":[5,5],"6":[5,5],"7":[0,4],"8":[4,0],"9":[0,7],"10":[5,2],"11":[0,7],"12":[3,4],"13":[3,4],"14":[7,5],"15":[0,4],"16":[0,4],"17":[0,4],"18":[4,4],"19":[0,4],"20":[2,2],"21":[3,4],"22":[0,4],"23":[2,4],"24":[0,4],"25":[4,4],"26":[4,0],"27":[0,0],"28":[0,0],"29":[0,0],"30":[0,0],"31":[13,12],"32":[13,12],"33":[1,12],"34":[27,0],"35":[27,16,16],"36":[1,26],"37":[27,26],"38":[8,18],"39":[2,24],"40":[0,24],"41":[0,24],"42":[2,24],"43":[26,36],"44":[12,12]},"f":{"1":25,"2":21,"3":5,"4":18,"5":7,"6":25,"7":14,"8":7,"9":4,"10":7,"11":7,"12":7,"13":7,"14":4,"15":4,"16":4,"17":4,"18":4,"19":4,"20":4,"21":6,"22":4,"23":0,"24":13,"25":1,"26":25,"27":26,"28":52,"29":8,"30":27,"31":27,"32":26,"33":26,"34":26,"35":24,"36":24,"37":62,"38":123,"39":24,"40":50},"fnMap":{"1":{"name":"getNumber","line":8,"loc":{"start":{"line":8,"column":0},"end":{"line":8,"column":25}}},"2":{"name":"processExists","line":12,"loc":{"start":{"line":12,"column":0},"end":{"line":12,"column":45}}},"3":{"name":"listener","line":25,"loc":{"start":{"line":25,"column":0},"end":{"line":25,"column":28}}},"4":{"name":"(anonymous_4)","line":35,"loc":{"start":{"line":35,"column":32},"end":{"line":35,"column":44}}},"5":{"name":"(anonymous_5)","line":39,"loc":{"start":{"line":39,"column":31},"end":{"line":39,"column":43}}},"6":{"name":"(anonymous_6)","line":43,"loc":{"start":{"line":43,"column":31},"end":{"line":43,"column":50}}},"7":{"name":"(anonymous_7)","line":48,"loc":{"start":{"line":48,"column":19},"end":{"line":48,"column":33}}},"8":{"name":"(anonymous_8)","line":52,"loc":{"start":{"line":52,"column":26},"end":{"line":52,"column":40}}},"9":{"name":"(anonymous_9)","line":56,"loc":{"start":{"line":56,"column":16},"end":{"line":56,"column":30}}},"10":{"name":"(anonymous_10)","line":72,"loc":{"start":{"line":72,"column":17},"end":{"line":72,"column":37}}},"11":{"name":"sofficeExists","line":76,"loc":{"start":{"line":76,"column":2},"end":{"line":76,"column":30}}},"12":{"name":"listenerExists","line":85,"loc":{"start":{"line":85,"column":2},"end":{"line":85,"column":31}}},"13":{"name":"killProcesses","line":94,"loc":{"start":{"line":94,"column":2},"end":{"line":94,"column":29}}},"14":{"name":"execKillListener","line":97,"loc":{"start":{"line":97,"column":3},"end":{"line":97,"column":44}}},"15":{"name":"execKillSoffice","line":110,"loc":{"start":{"line":110,"column":3},"end":{"line":110,"column":33}}},"16":{"name":"(anonymous_16)","line":133,"loc":{"start":{"line":133,"column":19},"end":{"line":133,"column":46}}},"17":{"name":"checkPrevListenerExists","line":136,"loc":{"start":{"line":136,"column":2},"end":{"line":136,"column":42}}},"18":{"name":"prevListenerExists","line":137,"loc":{"start":{"line":137,"column":3},"end":{"line":137,"column":53}}},"19":{"name":"createListener","line":147,"loc":{"start":{"line":147,"column":2},"end":{"line":147,"column":33}}},"20":{"name":"(anonymous_20)","line":149,"loc":{"start":{"line":149,"column":20},"end":{"line":149,"column":40}}},"21":{"name":"(anonymous_21)","line":157,"loc":{"start":{"line":157,"column":19},"end":{"line":157,"column":34}}},"22":{"name":"callbackCall","line":169,"loc":{"start":{"line":169,"column":3},"end":{"line":169,"column":58}}},"23":{"name":"listenerExists","line":176,"loc":{"start":{"line":176,"column":5},"end":{"line":176,"column":51}}},"24":{"name":"converter","line":202,"loc":{"start":{"line":202,"column":0},"end":{"line":202,"column":39}}},"25":{"name":"(anonymous_25)","line":217,"loc":{"start":{"line":217,"column":29},"end":{"line":217,"column":49}}},"26":{"name":"(anonymous_26)","line":221,"loc":{"start":{"line":221,"column":30},"end":{"line":221,"column":50}}},"27":{"name":"(anonymous_27)","line":226,"loc":{"start":{"line":226,"column":35},"end":{"line":226,"column":55}}},"28":{"name":"(anonymous_28)","line":231,"loc":{"start":{"line":231,"column":24},"end":{"line":231,"column":54}}},"29":{"name":"(anonymous_29)","line":235,"loc":{"start":{"line":235,"column":41},"end":{"line":235,"column":53}}},"30":{"name":"(anonymous_30)","line":239,"loc":{"start":{"line":239,"column":30},"end":{"line":239,"column":55}}},"31":{"name":"(anonymous_31)","line":245,"loc":{"start":{"line":245,"column":21},"end":{"line":245,"column":56}}},"32":{"name":"finalOutputFileExists","line":250,"loc":{"start":{"line":250,"column":2},"end":{"line":250,"column":38}}},"33":{"name":"(anonymous_33)","line":251,"loc":{"start":{"line":251,"column":18},"end":{"line":251,"column":33}}},"34":{"name":"convertProcess","line":260,"loc":{"start":{"line":260,"column":2},"end":{"line":260,"column":31}}},"35":{"name":"outputFileExists","line":270,"loc":{"start":{"line":270,"column":2},"end":{"line":270,"column":33}}},"36":{"name":"moveFile","line":278,"loc":{"start":{"line":278,"column":2},"end":{"line":278,"column":25}}},"37":{"name":"(anonymous_37)","line":298,"loc":{"start":{"line":298,"column":36},"end":{"line":298,"column":48}}},"38":{"name":"(anonymous_38)","line":305,"loc":{"start":{"line":305,"column":31},"end":{"line":305,"column":43}}},"39":{"name":"(anonymous_39)","line":311,"loc":{"start":{"line":311,"column":30},"end":{"line":311,"column":50}}},"40":{"name":"(anonymous_40)","line":322,"loc":{"start":{"line":322,"column":31},"end":{"line":322,"column":43}}}},"statementMap":{"1":{"start":{"line":1,"column":0},"end":{"line":1,"column":30}},"2":{"start":{"line":2,"column":0},"end":{"line":2,"column":28}},"3":{"start":{"line":3,"column":0},"end":{"line":3,"column":40}},"4":{"start":{"line":4,"column":0},"end":{"line":4,"column":26}},"5":{"start":{"line":5,"column":0},"end":{"line":5,"column":26}},"6":{"start":{"line":6,"column":0},"end":{"line":6,"column":22}},"7":{"start":{"line":8,"column":0},"end":{"line":10,"column":1}},"8":{"start":{"line":9,"column":1},"end":{"line":9,"column":39}},"9":{"start":{"line":12,"column":0},"end":{"line":23,"column":1}},"10":{"start":{"line":13,"column":1},"end":{"line":13,"column":39}},"11":{"start":{"line":15,"column":1},"end":{"line":22,"column":3}},"12":{"start":{"line":16,"column":2},"end":{"line":16,"column":25}},"13":{"start":{"line":16,"column":11},"end":{"line":16,"column":25}},"14":{"start":{"line":18,"column":2},"end":{"line":18,"column":32}},"15":{"start":{"line":19,"column":2},"end":{"line":19,"column":52}},"16":{"start":{"line":21,"column":2},"end":{"line":21,"column":34}},"17":{"start":{"line":25,"column":0},"end":{"line":200,"column":1}},"18":{"start":{"line":26,"column":1},"end":{"line":26,"column":18}},"19":{"start":{"line":27,"column":1},"end":{"line":27,"column":72}},"20":{"start":{"line":28,"column":1},"end":{"line":28,"column":51}},"21":{"start":{"line":29,"column":1},"end":{"line":29,"column":44}},"22":{"start":{"line":30,"column":1},"end":{"line":30,"column":33}},"23":{"start":{"line":31,"column":1},"end":{"line":31,"column":73}},"24":{"start":{"line":32,"column":1},"end":{"line":32,"column":71}},"25":{"start":{"line":33,"column":1},"end":{"line":33,"column":81}},"26":{"start":{"line":35,"column":1},"end":{"line":37,"column":2}},"27":{"start":{"line":36,"column":2},"end":{"line":36,"column":73}},"28":{"start":{"line":39,"column":1},"end":{"line":41,"column":2}},"29":{"start":{"line":40,"column":2},"end":{"line":40,"column":65}},"30":{"start":{"line":43,"column":1},"end":{"line":46,"column":2}},"31":{"start":{"line":44,"column":2},"end":{"line":44,"column":51}},"32":{"start":{"line":45,"column":2},"end":{"line":45,"column":12}},"33":{"start":{"line":48,"column":1},"end":{"line":50,"column":2}},"34":{"start":{"line":49,"column":2},"end":{"line":49,"column":51}},"35":{"start":{"line":52,"column":1},"end":{"line":54,"column":2}},"36":{"start":{"line":53,"column":2},"end":{"line":53,"column":50}},"37":{"start":{"line":56,"column":1},"end":{"line":70,"column":2}},"38":{"start":{"line":57,"column":2},"end":{"line":57,"column":65}},"39":{"start":{"line":59,"column":2},"end":{"line":69,"column":4}},"40":{"start":{"line":60,"column":3},"end":{"line":60,"column":26}},"41":{"start":{"line":60,"column":12},"end":{"line":60,"column":26}},"42":{"start":{"line":62,"column":3},"end":{"line":62,"column":36}},"43":{"start":{"line":64,"column":3},"end":{"line":64,"column":48}},"44":{"start":{"line":64,"column":28},"end":{"line":64,"column":48}},"45":{"start":{"line":66,"column":3},"end":{"line":66,"column":30}},"46":{"start":{"line":68,"column":3},"end":{"line":68,"column":16}},"47":{"start":{"line":72,"column":1},"end":{"line":131,"column":2}},"48":{"start":{"line":73,"column":2},"end":{"line":73,"column":28}},"49":{"start":{"line":74,"column":2},"end":{"line":74,"column":29}},"50":{"start":{"line":76,"column":2},"end":{"line":83,"column":3}},"51":{"start":{"line":77,"column":3},"end":{"line":82,"column":5}},"52":{"start":{"line":78,"column":4},"end":{"line":78,"column":27}},"53":{"start":{"line":78,"column":13},"end":{"line":78,"column":27}},"54":{"start":{"line":79,"column":4},"end":{"line":79,"column":41}},"55":{"start":{"line":79,"column":18},"end":{"line":79,"column":41}},"56":{"start":{"line":81,"column":4},"end":{"line":81,"column":8}},"57":{"start":{"line":85,"column":2},"end":{"line":92,"column":3}},"58":{"start":{"line":86,"column":3},"end":{"line":91,"column":5}},"59":{"start":{"line":87,"column":4},"end":{"line":87,"column":27}},"60":{"start":{"line":87,"column":13},"end":{"line":87,"column":27}},"61":{"start":{"line":88,"column":4},"end":{"line":88,"column":42}},"62":{"start":{"line":88,"column":18},"end":{"line":88,"column":42}},"63":{"start":{"line":90,"column":4},"end":{"line":90,"column":8}},"64":{"start":{"line":94,"column":2},"end":{"line":120,"column":3}},"65":{"start":{"line":95,"column":3},"end":{"line":95,"column":94}},"66":{"start":{"line":95,"column":50},"end":{"line":95,"column":94}},"67":{"start":{"line":97,"column":3},"end":{"line":108,"column":4}},"68":{"start":{"line":98,"column":4},"end":{"line":98,"column":56}},"69":{"start":{"line":98,"column":30},"end":{"line":98,"column":56}},"70":{"start":{"line":99,"column":4},"end":{"line":99,"column":27}},"71":{"start":{"line":99,"column":13},"end":{"line":99,"column":27}},"72":{"start":{"line":100,"column":4},"end":{"line":100,"column":77}},"73":{"start":{"line":100,"column":33},"end":{"line":100,"column":77}},"74":{"start":{"line":101,"column":4},"end":{"line":101,"column":23}},"75":{"start":{"line":102,"column":4},"end":{"line":102,"column":31}},"76":{"start":{"line":104,"column":4},"end":{"line":107,"column":6}},"77":{"start":{"line":105,"column":5},"end":{"line":105,"column":28}},"78":{"start":{"line":105,"column":14},"end":{"line":105,"column":28}},"79":{"start":{"line":106,"column":5},"end":{"line":106,"column":24}},"80":{"start":{"line":110,"column":3},"end":{"line":115,"column":4}},"81":{"start":{"line":111,"column":4},"end":{"line":111,"column":40}},"82":{"start":{"line":111,"column":29},"end":{"line":111,"column":40}},"83":{"start":{"line":112,"column":4},"end":{"line":112,"column":38}},"84":{"start":{"line":114,"column":4},"end":{"line":114,"column":17}},"85":{"start":{"line":117,"column":3},"end":{"line":119,"column":5}},"86":{"start":{"line":118,"column":4},"end":{"line":118,"column":34}},"87":{"start":{"line":122,"column":2},"end":{"line":130,"column":4}},"88":{"start":{"line":127,"column":3},"end":{"line":127,"column":32}},"89":{"start":{"line":127,"column":12},"end":{"line":127,"column":32}},"90":{"start":{"line":129,"column":3},"end":{"line":129,"column":13}},"91":{"start":{"line":133,"column":1},"end":{"line":197,"column":2}},"92":{"start":{"line":134,"column":2},"end":{"line":134,"column":27}},"93":{"start":{"line":136,"column":2},"end":{"line":145,"column":3}},"94":{"start":{"line":137,"column":3},"end":{"line":142,"column":4}},"95":{"start":{"line":138,"column":4},"end":{"line":138,"column":29}},"96":{"start":{"line":138,"column":13},"end":{"line":138,"column":29}},"97":{"start":{"line":140,"column":4},"end":{"line":140,"column":26}},"98":{"start":{"line":141,"column":4},"end":{"line":141,"column":10}},"99":{"start":{"line":144,"column":3},"end":{"line":144,"column":38}},"100":{"start":{"line":147,"column":2},"end":{"line":191,"column":3}},"101":{"start":{"line":148,"column":3},"end":{"line":148,"column":28}},"102":{"start":{"line":149,"column":3},"end":{"line":156,"column":14}},"103":{"start":{"line":150,"column":5},"end":{"line":155,"column":6}},"104":{"start":{"line":151,"column":6},"end":{"line":151,"column":32}},"105":{"start":{"line":152,"column":6},"end":{"line":152,"column":30}},"106":{"start":{"line":153,"column":6},"end":{"line":153,"column":40}},"107":{"start":{"line":154,"column":6},"end":{"line":154,"column":75}},"108":{"start":{"line":157,"column":3},"end":{"line":160,"column":4}},"109":{"start":{"line":158,"column":4},"end":{"line":158,"column":29}},"110":{"start":{"line":158,"column":23},"end":{"line":158,"column":29}},"111":{"start":{"line":159,"column":4},"end":{"line":159,"column":13}},"112":{"start":{"line":162,"column":3},"end":{"line":162,"column":76}},"113":{"start":{"line":162,"column":22},"end":{"line":162,"column":76}},"114":{"start":{"line":164,"column":3},"end":{"line":164,"column":48}},"115":{"start":{"line":165,"column":3},"end":{"line":165,"column":78}},"116":{"start":{"line":165,"column":34},"end":{"line":165,"column":45}},"117":{"start":{"line":167,"column":3},"end":{"line":167,"column":33}},"118":{"start":{"line":169,"column":3},"end":{"line":188,"column":4}},"119":{"start":{"line":170,"column":4},"end":{"line":187,"column":5}},"120":{"start":{"line":171,"column":5},"end":{"line":171,"column":26}},"121":{"start":{"line":174,"column":5},"end":{"line":174,"column":35}},"122":{"start":{"line":174,"column":14},"end":{"line":174,"column":35}},"123":{"start":{"line":176,"column":5},"end":{"line":184,"column":6}},"124":{"start":{"line":177,"column":6},"end":{"line":177,"column":36}},"125":{"start":{"line":177,"column":15},"end":{"line":177,"column":36}},"126":{"start":{"line":178,"column":6},"end":{"line":180,"column":7}},"127":{"start":{"line":179,"column":7},"end":{"line":179,"column":103}},"128":{"start":{"line":179,"column":31},"end":{"line":179,"column":65}},"129":{"start":{"line":181,"column":6},"end":{"line":181,"column":80}},"130":{"start":{"line":181,"column":20},"end":{"line":181,"column":80}},"131":{"start":{"line":183,"column":6},"end":{"line":183,"column":17}},"132":{"start":{"line":186,"column":5},"end":{"line":186,"column":36}},"133":{"start":{"line":190,"column":3},"end":{"line":190,"column":58}},"134":{"start":{"line":193,"column":2},"end":{"line":196,"column":8}},"135":{"start":{"line":199,"column":1},"end":{"line":199,"column":16}},"136":{"start":{"line":202,"column":0},"end":{"line":328,"column":1}},"137":{"start":{"line":203,"column":1},"end":{"line":203,"column":19}},"138":{"start":{"line":205,"column":1},"end":{"line":205,"column":34}},"139":{"start":{"line":206,"column":1},"end":{"line":206,"column":30}},"140":{"start":{"line":207,"column":1},"end":{"line":207,"column":53}},"141":{"start":{"line":209,"column":1},"end":{"line":209,"column":68}},"142":{"start":{"line":209,"column":29},"end":{"line":209,"column":68}},"143":{"start":{"line":211,"column":1},"end":{"line":211,"column":54}},"144":{"start":{"line":212,"column":1},"end":{"line":212,"column":80}},"145":{"start":{"line":213,"column":1},"end":{"line":213,"column":58}},"146":{"start":{"line":215,"column":1},"end":{"line":215,"column":51}},"147":{"start":{"line":217,"column":1},"end":{"line":219,"column":2}},"148":{"start":{"line":218,"column":2},"end":{"line":218,"column":52}},"149":{"start":{"line":221,"column":1},"end":{"line":223,"column":2}},"150":{"start":{"line":222,"column":2},"end":{"line":222,"column":63}},"151":{"start":{"line":226,"column":1},"end":{"line":228,"column":2}},"152":{"start":{"line":227,"column":2},"end":{"line":227,"column":68}},"153":{"start":{"line":231,"column":1},"end":{"line":233,"column":2}},"154":{"start":{"line":232,"column":2},"end":{"line":232,"column":40}},"155":{"start":{"line":235,"column":1},"end":{"line":237,"column":2}},"156":{"start":{"line":236,"column":2},"end":{"line":236,"column":58}},"157":{"start":{"line":239,"column":1},"end":{"line":243,"column":2}},"158":{"start":{"line":240,"column":2},"end":{"line":242,"column":3}},"159":{"start":{"line":241,"column":3},"end":{"line":241,"column":42}},"160":{"start":{"line":245,"column":1},"end":{"line":296,"column":2}},"161":{"start":{"line":246,"column":2},"end":{"line":246,"column":43}},"162":{"start":{"line":248,"column":2},"end":{"line":248,"column":127}},"163":{"start":{"line":248,"column":77},"end":{"line":248,"column":127}},"164":{"start":{"line":250,"column":2},"end":{"line":258,"column":3}},"165":{"start":{"line":251,"column":3},"end":{"line":255,"column":4}},"166":{"start":{"line":252,"column":4},"end":{"line":252,"column":55}},"167":{"start":{"line":252,"column":16},"end":{"line":252,"column":55}},"168":{"start":{"line":254,"column":4},"end":{"line":254,"column":8}},"169":{"start":{"line":257,"column":3},"end":{"line":257,"column":44}},"170":{"start":{"line":260,"column":2},"end":{"line":268,"column":3}},"171":{"start":{"line":261,"column":3},"end":{"line":261,"column":53}},"172":{"start":{"line":263,"column":3},"end":{"line":267,"column":5}},"173":{"start":{"line":264,"column":4},"end":{"line":264,"column":27}},"174":{"start":{"line":264,"column":13},"end":{"line":264,"column":27}},"175":{"start":{"line":266,"column":4},"end":{"line":266,"column":8}},"176":{"start":{"line":270,"column":2},"end":{"line":276,"column":3}},"177":{"start":{"line":271,"column":3},"end":{"line":275,"column":5}},"178":{"start":{"line":272,"column":4},"end":{"line":272,"column":27}},"179":{"start":{"line":272,"column":13},"end":{"line":272,"column":27}},"180":{"start":{"line":274,"column":4},"end":{"line":274,"column":8}},"181":{"start":{"line":278,"column":2},"end":{"line":284,"column":3}},"182":{"start":{"line":279,"column":3},"end":{"line":283,"column":5}},"183":{"start":{"line":280,"column":4},"end":{"line":280,"column":27}},"184":{"start":{"line":280,"column":13},"end":{"line":280,"column":27}},"185":{"start":{"line":282,"column":4},"end":{"line":282,"column":8}},"186":{"start":{"line":286,"column":2},"end":{"line":295,"column":4}},"187":{"start":{"line":292,"column":3},"end":{"line":292,"column":32}},"188":{"start":{"line":292,"column":12},"end":{"line":292,"column":32}},"189":{"start":{"line":294,"column":3},"end":{"line":294,"column":53}},"190":{"start":{"line":298,"column":1},"end":{"line":303,"column":2}},"191":{"start":{"line":299,"column":2},"end":{"line":299,"column":45}},"192":{"start":{"line":300,"column":2},"end":{"line":300,"column":59}},"193":{"start":{"line":300,"column":45},"end":{"line":300,"column":59}},"194":{"start":{"line":302,"column":2},"end":{"line":302,"column":124}},"195":{"start":{"line":305,"column":1},"end":{"line":309,"column":2}},"196":{"start":{"line":306,"column":2},"end":{"line":306,"column":133}},"197":{"start":{"line":308,"column":2},"end":{"line":308,"column":33}},"198":{"start":{"line":311,"column":1},"end":{"line":320,"column":2}},"199":{"start":{"line":312,"column":2},"end":{"line":312,"column":62}},"200":{"start":{"line":312,"column":45},"end":{"line":312,"column":62}},"201":{"start":{"line":314,"column":2},"end":{"line":314,"column":45}},"202":{"start":{"line":315,"column":2},"end":{"line":315,"column":50}},"203":{"start":{"line":317,"column":2},"end":{"line":317,"column":36}},"204":{"start":{"line":319,"column":2},"end":{"line":319,"column":39}},"205":{"start":{"line":322,"column":1},"end":{"line":325,"column":2}},"206":{"start":{"line":323,"column":2},"end":{"line":323,"column":34}},"207":{"start":{"line":324,"column":2},"end":{"line":324,"column":87}},"208":{"start":{"line":327,"column":1},"end":{"line":327,"column":17}},"209":{"start":{"line":330,"column":0},"end":{"line":333,"column":1}}},"branchMap":{"1":{"line":16,"type":"if","locations":[{"start":{"line":16,"column":2},"end":{"line":16,"column":2}},{"start":{"line":16,"column":2},"end":{"line":16,"column":2}}]},"2":{"line":19,"type":"binary-expr","locations":[{"start":{"line":19,"column":23},"end":{"line":19,"column":38}},{"start":{"line":19,"column":42},"end":{"line":19,"column":52}}]},"3":{"line":30,"type":"binary-expr","locations":[{"start":{"line":30,"column":20},"end":{"line":30,"column":27}},{"start":{"line":30,"column":31},"end":{"line":30,"column":33}}]},"4":{"line":31,"type":"binary-expr","locations":[{"start":{"line":31,"column":34},"end":{"line":31,"column":64}},{"start":{"line":31,"column":68},"end":{"line":31,"column":73}}]},"5":{"line":32,"type":"binary-expr","locations":[{"start":{"line":32,"column":35},"end":{"line":32,"column":66}},{"start":{"line":32,"column":70},"end":{"line":32,"column":71}}]},"6":{"line":33,"type":"binary-expr","locations":[{"start":{"line":33,"column":39},"end":{"line":33,"column":74}},{"start":{"line":33,"column":78},"end":{"line":33,"column":81}}]},"7":{"line":60,"type":"if","locations":[{"start":{"line":60,"column":3},"end":{"line":60,"column":3}},{"start":{"line":60,"column":3},"end":{"line":60,"column":3}}]},"8":{"line":64,"type":"if","locations":[{"start":{"line":64,"column":3},"end":{"line":64,"column":3}},{"start":{"line":64,"column":3},"end":{"line":64,"column":3}}]},"9":{"line":78,"type":"if","locations":[{"start":{"line":78,"column":4},"end":{"line":78,"column":4}},{"start":{"line":78,"column":4},"end":{"line":78,"column":4}}]},"10":{"line":79,"type":"if","locations":[{"start":{"line":79,"column":4},"end":{"line":79,"column":4}},{"start":{"line":79,"column":4},"end":{"line":79,"column":4}}]},"11":{"line":87,"type":"if","locations":[{"start":{"line":87,"column":4},"end":{"line":87,"column":4}},{"start":{"line":87,"column":4},"end":{"line":87,"column":4}}]},"12":{"line":88,"type":"if","locations":[{"start":{"line":88,"column":4},"end":{"line":88,"column":4}},{"start":{"line":88,"column":4},"end":{"line":88,"column":4}}]},"13":{"line":95,"type":"if","locations":[{"start":{"line":95,"column":3},"end":{"line":95,"column":3}},{"start":{"line":95,"column":3},"end":{"line":95,"column":3}}]},"14":{"line":95,"type":"binary-expr","locations":[{"start":{"line":95,"column":8},"end":{"line":95,"column":25}},{"start":{"line":95,"column":29},"end":{"line":95,"column":47}}]},"15":{"line":98,"type":"if","locations":[{"start":{"line":98,"column":4},"end":{"line":98,"column":4}},{"start":{"line":98,"column":4},"end":{"line":98,"column":4}}]},"16":{"line":99,"type":"if","locations":[{"start":{"line":99,"column":4},"end":{"line":99,"column":4}},{"start":{"line":99,"column":4},"end":{"line":99,"column":4}}]},"17":{"line":100,"type":"if","locations":[{"start":{"line":100,"column":4},"end":{"line":100,"column":4}},{"start":{"line":100,"column":4},"end":{"line":100,"column":4}}]},"18":{"line":100,"type":"binary-expr","locations":[{"start":{"line":100,"column":8},"end":{"line":100,"column":18}},{"start":{"line":100,"column":22},"end":{"line":100,"column":31}}]},"19":{"line":105,"type":"if","locations":[{"start":{"line":105,"column":5},"end":{"line":105,"column":5}},{"start":{"line":105,"column":5},"end":{"line":105,"column":5}}]},"20":{"line":111,"type":"if","locations":[{"start":{"line":111,"column":4},"end":{"line":111,"column":4}},{"start":{"line":111,"column":4},"end":{"line":111,"column":4}}]},"21":{"line":127,"type":"if","locations":[{"start":{"line":127,"column":3},"end":{"line":127,"column":3}},{"start":{"line":127,"column":3},"end":{"line":127,"column":3}}]},"22":{"line":138,"type":"if","locations":[{"start":{"line":138,"column":4},"end":{"line":138,"column":4}},{"start":{"line":138,"column":4},"end":{"line":138,"column":4}}]},"23":{"line":158,"type":"if","locations":[{"start":{"line":158,"column":4},"end":{"line":158,"column":4}},{"start":{"line":158,"column":4},"end":{"line":158,"column":4}}]},"24":{"line":162,"type":"if","locations":[{"start":{"line":162,"column":3},"end":{"line":162,"column":3}},{"start":{"line":162,"column":3},"end":{"line":162,"column":3}}]},"25":{"line":167,"type":"binary-expr","locations":[{"start":{"line":167,"column":17},"end":{"line":167,"column":28}},{"start":{"line":167,"column":32},"end":{"line":167,"column":33}}]},"26":{"line":174,"type":"if","locations":[{"start":{"line":174,"column":5},"end":{"line":174,"column":5}},{"start":{"line":174,"column":5},"end":{"line":174,"column":5}}]},"27":{"line":177,"type":"if","locations":[{"start":{"line":177,"column":6},"end":{"line":177,"column":6}},{"start":{"line":177,"column":6},"end":{"line":177,"column":6}}]},"28":{"line":178,"type":"if","locations":[{"start":{"line":178,"column":6},"end":{"line":178,"column":6}},{"start":{"line":178,"column":6},"end":{"line":178,"column":6}}]},"29":{"line":178,"type":"binary-expr","locations":[{"start":{"line":178,"column":10},"end":{"line":178,"column":18}},{"start":{"line":178,"column":22},"end":{"line":178,"column":67}}]},"30":{"line":181,"type":"if","locations":[{"start":{"line":181,"column":6},"end":{"line":181,"column":6}},{"start":{"line":181,"column":6},"end":{"line":181,"column":6}}]},"31":{"line":205,"type":"binary-expr","locations":[{"start":{"line":205,"column":21},"end":{"line":205,"column":28}},{"start":{"line":205,"column":32},"end":{"line":205,"column":34}}]},"32":{"line":207,"type":"binary-expr","locations":[{"start":{"line":207,"column":21},"end":{"line":207,"column":46}},{"start":{"line":207,"column":50},"end":{"line":207,"column":53}}]},"33":{"line":209,"type":"if","locations":[{"start":{"line":209,"column":1},"end":{"line":209,"column":1}},{"start":{"line":209,"column":1},"end":{"line":209,"column":1}}]},"34":{"line":240,"type":"if","locations":[{"start":{"line":240,"column":2},"end":{"line":240,"column":2}},{"start":{"line":240,"column":2},"end":{"line":240,"column":2}}]},"35":{"line":240,"type":"binary-expr","locations":[{"start":{"line":240,"column":7},"end":{"line":240,"column":32}},{"start":{"line":240,"column":38},"end":{"line":240,"column":51}},{"start":{"line":240,"column":55},"end":{"line":240,"column":88}}]},"36":{"line":248,"type":"if","locations":[{"start":{"line":248,"column":2},"end":{"line":248,"column":2}},{"start":{"line":248,"column":2},"end":{"line":248,"column":2}}]},"37":{"line":248,"type":"binary-expr","locations":[{"start":{"line":248,"column":7},"end":{"line":248,"column":32}},{"start":{"line":248,"column":36},"end":{"line":248,"column":74}}]},"38":{"line":252,"type":"if","locations":[{"start":{"line":252,"column":4},"end":{"line":252,"column":4}},{"start":{"line":252,"column":4},"end":{"line":252,"column":4}}]},"39":{"line":264,"type":"if","locations":[{"start":{"line":264,"column":4},"end":{"line":264,"column":4}},{"start":{"line":264,"column":4},"end":{"line":264,"column":4}}]},"40":{"line":272,"type":"if","locations":[{"start":{"line":272,"column":4},"end":{"line":272,"column":4}},{"start":{"line":272,"column":4},"end":{"line":272,"column":4}}]},"41":{"line":280,"type":"if","locations":[{"start":{"line":280,"column":4},"end":{"line":280,"column":4}},{"start":{"line":280,"column":4},"end":{"line":280,"column":4}}]},"42":{"line":292,"type":"if","locations":[{"start":{"line":292,"column":3},"end":{"line":292,"column":3}},{"start":{"line":292,"column":3},"end":{"line":292,"column":3}}]},"43":{"line":300,"type":"if","locations":[{"start":{"line":300,"column":2},"end":{"line":300,"column":2}},{"start":{"line":300,"column":2},"end":{"line":300,"column":2}}]},"44":{"line":312,"type":"if","locations":[{"start":{"line":312,"column":2},"end":{"line":312,"column":2}},{"start":{"line":312,"column":2},"end":{"line":312,"column":2}}]}}}}