TN:
SF:/converter/custom_modules/easy-office-converter/index.js
FN:7,officeConverter
FN:22,(anonymous_2)
FN:23,convertProcess
FN:33,fileExists
FN:41,moveFile
FN:60,(anonymous_6)
FN:64,(anonymous_7)
FN:75,(anonymous_8)
FNF:8
FNH:8
FNDA:6,officeConverter
FNDA:3,(anonymous_2)
FNDA:3,convertProcess
FNDA:2,fileExists
FNDA:2,moveFile
FNDA:6,(anonymous_6)
FNDA:2,(anonymous_7)
FNDA:4,(anonymous_8)
DA:1,1
DA:2,1
DA:3,1
DA:4,1
DA:5,1
DA:7,1
DA:8,6
DA:9,6
DA:10,6
DA:12,6
DA:13,5
DA:15,4
DA:16,4
DA:17,4
DA:18,4
DA:20,4
DA:22,4
DA:23,1
DA:24,3
DA:26,3
DA:27,3
DA:29,2
DA:33,1
DA:34,2
DA:35,2
DA:37,2
DA:41,1
DA:42,2
DA:43,2
DA:45,2
DA:49,3
DA:54,3
DA:56,2
DA:60,4
DA:61,6
DA:64,4
DA:65,2
DA:67,1
DA:68,1
DA:70,1
DA:72,1
DA:75,4
DA:76,4
DA:77,4
DA:80,4
DA:83,1
LF:46
LH:46
BRDA:9,1,0,6
BRDA:9,1,1,2
BRDA:12,2,0,1
BRDA:12,2,1,5
BRDA:13,3,0,1
BRDA:13,3,1,4
BRDA:27,4,0,1
BRDA:27,4,1,2
BRDA:35,5,0,0
BRDA:35,5,1,2
BRDA:43,6,0,0
BRDA:43,6,1,2
BRDA:54,7,0,1
BRDA:54,7,1,2
BRDA:65,8,0,1
BRDA:65,8,1,1
BRF:16
BRH:14
end_of_record
