TN:
SF:/converter/custom_modules/easy-office-converter/index.js
FN:8,getNumber
FN:12,processExists
FN:25,listener
FN:36,(anonymous_4)
FN:40,(anonymous_5)
FN:44,(anonymous_6)
FN:49,(anonymous_7)
FN:53,(anonymous_8)
FN:57,(anonymous_9)
FN:73,(anonymous_10)
FN:76,sofficeExists
FN:85,execKillListener
FN:97,execKillSoffice
FN:104,killProcesses
FN:120,(anonymous_15)
FN:121,(anonymous_16)
FN:134,callbackCall
FN:145,listenerExists
FN:167,converter
FN:182,(anonymous_20)
FN:186,(anonymous_21)
FN:191,(anonymous_22)
FN:196,(anonymous_23)
FN:200,(anonymous_24)
FN:204,(anonymous_25)
FN:210,(anonymous_26)
FN:215,finalOutputFileExists
FN:216,(anonymous_28)
FN:225,convertProcess
FN:235,outputFileExists
FN:243,moveFile
FN:263,(anonymous_32)
FN:270,(anonymous_33)
FN:276,(anonymous_34)
FN:287,(anonymous_35)
FNF:35
FNH:25
FNDA:7,getNumber
FNDA:6,processExists
FNDA:4,listener
FNDA:5,(anonymous_4)
FNDA:3,(anonymous_5)
FNDA:8,(anonymous_6)
FNDA:3,(anonymous_7)
FNDA:3,(anonymous_8)
FNDA:2,(anonymous_9)
FNDA:3,(anonymous_10)
FNDA:3,sofficeExists
FNDA:2,execKillListener
FNDA:2,execKillSoffice
FNDA:2,killProcesses
FNDA:2,(anonymous_15)
FNDA:2,(anonymous_16)
FNDA:2,callbackCall
FNDA:1,listenerExists
FNDA:3,converter
FNDA:1,(anonymous_20)
FNDA:1,(anonymous_21)
FNDA:0,(anonymous_22)
FNDA:2,(anonymous_23)
FNDA:0,(anonymous_24)
FNDA:1,(anonymous_25)
FNDA:1,(anonymous_26)
FNDA:0,finalOutputFileExists
FNDA:0,(anonymous_28)
FNDA:0,convertProcess
FNDA:0,outputFileExists
FNDA:0,moveFile
FNDA:0,(anonymous_32)
FNDA:1,(anonymous_33)
FNDA:0,(anonymous_34)
FNDA:0,(anonymous_35)
DA:1,1
DA:2,1
DA:3,1
DA:4,1
DA:5,1
DA:6,1
DA:8,1
DA:9,7
DA:12,1
DA:13,6
DA:15,6
DA:16,5
DA:18,5
DA:19,5
DA:21,5
DA:25,1
DA:26,4
DA:27,4
DA:28,4
DA:29,4
DA:30,4
DA:31,4
DA:32,4
DA:33,4
DA:34,4
DA:36,4
DA:37,5
DA:40,4
DA:41,3
DA:44,4
DA:45,8
DA:46,8
DA:49,4
DA:50,3
DA:53,4
DA:54,3
DA:57,4
DA:58,2
DA:60,2
DA:61,2
DA:63,2
DA:65,2
DA:67,2
DA:69,2
DA:73,4
DA:74,3
DA:76,1
DA:77,3
DA:78,2
DA:79,2
DA:81,2
DA:85,1
DA:86,2
DA:87,2
DA:88,2
DA:89,2
DA:91,2
DA:92,2
DA:93,2
DA:97,1
DA:98,2
DA:99,1
DA:101,1
DA:104,1
DA:105,2
DA:106,2
DA:110,3
DA:114,2
DA:116,2
DA:120,4
DA:121,2
DA:122,2
DA:123,2
DA:125,2
DA:126,2
DA:129,2
DA:130,2
DA:132,2
DA:134,1
DA:135,2
DA:136,1
DA:138,0
DA:141,2
DA:142,2
DA:143,2
DA:145,1
DA:146,1
DA:147,1
DA:148,0
DA:150,1
DA:152,1
DA:155,1
DA:157,0
DA:161,2
DA:164,4
DA:167,1
DA:168,3
DA:170,3
DA:171,3
DA:172,3
DA:174,3
DA:176,2
DA:177,2
DA:178,2
DA:180,2
DA:182,2
DA:183,1
DA:186,2
DA:187,1
DA:191,2
DA:192,0
DA:196,2
DA:197,2
DA:200,2
DA:201,0
DA:204,2
DA:205,1
DA:206,1
DA:210,2
DA:211,1
DA:213,1
DA:215,1
DA:216,0
DA:217,0
DA:219,0
DA:222,0
DA:225,1
DA:226,0
DA:228,0
DA:229,0
DA:231,0
DA:235,1
DA:236,0
DA:237,0
DA:239,0
DA:243,1
DA:244,0
DA:245,0
DA:247,0
DA:251,0
DA:257,0
DA:259,0
DA:263,2
DA:264,0
DA:265,0
DA:267,0
DA:270,2
DA:271,1
DA:273,1
DA:276,2
DA:277,0
DA:279,0
DA:280,0
DA:282,0
DA:284,0
DA:287,2
DA:288,0
DA:289,0
DA:292,2
DA:295,1
LF:160
LH:128
BRDA:16,1,0,0
BRDA:16,1,1,5
BRDA:19,2,0,5
BRDA:19,2,1,5
BRDA:31,3,0,4
BRDA:31,3,1,4
BRDA:32,4,0,4
BRDA:32,4,1,4
BRDA:33,5,0,4
BRDA:33,5,1,4
BRDA:34,6,0,4
BRDA:34,6,1,4
BRDA:61,7,0,0
BRDA:61,7,1,2
BRDA:65,8,0,1
BRDA:65,8,1,1
BRDA:78,9,0,0
BRDA:78,9,1,2
BRDA:79,10,0,1
BRDA:79,10,1,1
BRDA:86,11,0,0
BRDA:86,11,1,2
BRDA:87,12,0,0
BRDA:87,12,1,2
BRDA:87,13,0,2
BRDA:87,13,1,2
BRDA:92,14,0,0
BRDA:92,14,1,2
BRDA:98,15,0,1
BRDA:98,15,1,1
BRDA:114,16,0,0
BRDA:114,16,1,2
BRDA:123,17,0,0
BRDA:123,17,1,2
BRDA:132,18,0,2
BRDA:132,18,1,2
BRDA:143,19,0,1
BRDA:143,19,1,1
BRDA:146,20,0,0
BRDA:146,20,1,1
BRDA:147,21,0,0
BRDA:147,21,1,1
BRDA:147,22,0,1
BRDA:147,22,1,0
BRDA:150,23,0,0
BRDA:150,23,1,1
BRDA:155,24,0,1
BRDA:155,24,1,0
BRDA:170,25,0,3
BRDA:170,25,1,2
BRDA:172,26,0,3
BRDA:172,26,1,2
BRDA:174,27,0,1
BRDA:174,27,1,2
BRDA:205,28,0,1
BRDA:205,28,1,0
BRDA:205,29,0,1
BRDA:205,29,1,0
BRDA:205,29,2,0
BRDA:213,30,0,1
BRDA:213,30,1,0
BRDA:213,31,0,1
BRDA:213,31,1,0
BRDA:217,32,0,0
BRDA:217,32,1,0
BRDA:229,33,0,0
BRDA:229,33,1,0
BRDA:237,34,0,0
BRDA:237,34,1,0
BRDA:245,35,0,0
BRDA:245,35,1,0
BRDA:257,36,0,0
BRDA:257,36,1,0
BRDA:265,37,0,0
BRDA:265,37,1,0
BRDA:277,38,0,0
BRDA:277,38,1,0
BRF:77
BRH:45
end_of_record
